2022-07-24 15:42:46,640 [Worker-0: Loading available Gradle versions] INFO  o.e.b.c.i.u.g.PublishedGradleVersions - Gradle version information cache is up-to-date. Trying to read.
2022-07-24 15:47:24,976 [ForkJoinPool.commonPool-worker-4] ERROR o.e.m.e.l.MavenRuntimeClasspathProvider - Illegal character in path at index 25: file:/C:/Users/Prathamesh Raut/eclipse/java-2021-12/eclipse/../../../.p2/pool/plugins/org.eclipse.m2e.maven.runtime_1.18.1.20211011-2139/jars/
java.net.URISyntaxException: Illegal character in path at index 25: file:/C:/Users/Prathamesh Raut/eclipse/java-2021-12/eclipse/../../../.p2/pool/plugins/org.eclipse.m2e.maven.runtime_1.18.1.20211011-2139/jars/
	at java.base/java.net.URI$Parser.fail(URI.java:2974)
	at java.base/java.net.URI$Parser.checkChars(URI.java:3145)
	at java.base/java.net.URI$Parser.parseHierarchical(URI.java:3227)
	at java.base/java.net.URI$Parser.parse(URI.java:3175)
	at java.base/java.net.URI.<init>(URI.java:623)
	at java.base/java.net.URL.toURI(URL.java:1056)
	at org.eclipse.m2e.editor.lemminx.MavenRuntimeClasspathProvider.addJarsFromBundle(MavenRuntimeClasspathProvider.java:83)
	at org.eclipse.m2e.editor.lemminx.MavenRuntimeClasspathProvider.get(MavenRuntimeClasspathProvider.java:66)
	at org.eclipse.m2e.editor.lemminx.MavenRuntimeClasspathProvider.get(MavenRuntimeClasspathProvider.java:1)
	at java.base/java.util.stream.ReferencePipeline$3$1.accept(ReferencePipeline.java:197)
	at java.base/java.util.stream.ReferencePipeline$3$1.accept(ReferencePipeline.java:197)
	at java.base/java.util.HashMap$EntrySpliterator.forEachRemaining(HashMap.java:1850)
	at java.base/java.util.stream.AbstractPipeline.copyInto(AbstractPipeline.java:509)
	at java.base/java.util.stream.AbstractPipeline.wrapAndCopyInto(AbstractPipeline.java:499)
	at java.base/java.util.stream.ForEachOps$ForEachOp.evaluateSequential(ForEachOps.java:150)
	at java.base/java.util.stream.ForEachOps$ForEachOp$OfRef.evaluateSequential(ForEachOps.java:173)
	at java.base/java.util.stream.AbstractPipeline.evaluate(AbstractPipeline.java:234)
	at java.base/java.util.stream.ReferencePipeline.forEach(ReferencePipeline.java:596)
	at org.eclipse.wildwebdeveloper.xml.internal.XMLExtensionRegistry.getXMLLSClassPathExtensions(XMLExtensionRegistry.java:81)
	at org.eclipse.wildwebdeveloper.xml.internal.XMLLanguageServer.getExtensionJarPaths(XMLLanguageServer.java:142)
	at org.eclipse.wildwebdeveloper.xml.internal.XMLLanguageServer.<init>(XMLLanguageServer.java:83)
	at java.base/jdk.internal.reflect.NativeConstructorAccessorImpl.newInstance0(Native Method)
	at java.base/jdk.internal.reflect.NativeConstructorAccessorImpl.newInstance(NativeConstructorAccessorImpl.java:77)
	at java.base/jdk.internal.reflect.DelegatingConstructorAccessorImpl.newInstance(DelegatingConstructorAccessorImpl.java:45)
	at java.base/java.lang.reflect.Constructor.newInstanceWithCaller(Constructor.java:499)
	at java.base/java.lang.reflect.Constructor.newInstance(Constructor.java:480)
	at org.eclipse.core.internal.registry.osgi.RegistryStrategyOSGI.createExecutableExtension(RegistryStrategyOSGI.java:204)
	at org.eclipse.core.internal.registry.ExtensionRegistry.createExecutableExtension(ExtensionRegistry.java:920)
	at org.eclipse.core.internal.registry.ConfigurationElement.createExecutableExtension(ConfigurationElement.java:246)
	at org.eclipse.core.internal.registry.ConfigurationElementHandle.createExecutableExtension(ConfigurationElementHandle.java:63)
	at org.eclipse.lsp4e.LanguageServersRegistry$ExtensionLanguageServerDefinition.createConnectionProvider(LanguageServersRegistry.java:127)
	at org.eclipse.lsp4e.LanguageServerWrapper.lambda$1(LanguageServerWrapper.java:222)
	at java.base/java.util.concurrent.CompletableFuture$AsyncSupply.run(CompletableFuture.java:1768)
	at java.base/java.util.concurrent.CompletableFuture$AsyncSupply.exec(CompletableFuture.java:1760)
	at java.base/java.util.concurrent.ForkJoinTask.doExec(ForkJoinTask.java:373)
	at java.base/java.util.concurrent.ForkJoinPool$WorkQueue.topLevelExec(ForkJoinPool.java:1182)
	at java.base/java.util.concurrent.ForkJoinPool.scan(ForkJoinPool.java:1655)
	at java.base/java.util.concurrent.ForkJoinPool.runWorker(ForkJoinPool.java:1622)
	at java.base/java.util.concurrent.ForkJoinWorkerThread.run(ForkJoinWorkerThread.java:165)
2022-07-24 15:47:24,985 [ForkJoinPool.commonPool-worker-4] ERROR o.e.m.e.l.MavenRuntimeClasspathProvider - Illegal character in path at index 25: file:/C:/Users/Prathamesh Raut/eclipse/java-2021-12/eclipse/../../../.p2/pool/plugins/org.eclipse.m2e.maven.indexer_1.18.1.20211011-2139/jars/
java.net.URISyntaxException: Illegal character in path at index 25: file:/C:/Users/Prathamesh Raut/eclipse/java-2021-12/eclipse/../../../.p2/pool/plugins/org.eclipse.m2e.maven.indexer_1.18.1.20211011-2139/jars/
	at java.base/java.net.URI$Parser.fail(URI.java:2974)
	at java.base/java.net.URI$Parser.checkChars(URI.java:3145)
	at java.base/java.net.URI$Parser.parseHierarchical(URI.java:3227)
	at java.base/java.net.URI$Parser.parse(URI.java:3175)
	at java.base/java.net.URI.<init>(URI.java:623)
	at java.base/java.net.URL.toURI(URL.java:1056)
	at org.eclipse.m2e.editor.lemminx.MavenRuntimeClasspathProvider.addJarsFromBundle(MavenRuntimeClasspathProvider.java:83)
	at org.eclipse.m2e.editor.lemminx.MavenRuntimeClasspathProvider.get(MavenRuntimeClasspathProvider.java:68)
	at org.eclipse.m2e.editor.lemminx.MavenRuntimeClasspathProvider.get(MavenRuntimeClasspathProvider.java:1)
	at java.base/java.util.stream.ReferencePipeline$3$1.accept(ReferencePipeline.java:197)
	at java.base/java.util.stream.ReferencePipeline$3$1.accept(ReferencePipeline.java:197)
	at java.base/java.util.HashMap$EntrySpliterator.forEachRemaining(HashMap.java:1850)
	at java.base/java.util.stream.AbstractPipeline.copyInto(AbstractPipeline.java:509)
	at java.base/java.util.stream.AbstractPipeline.wrapAndCopyInto(AbstractPipeline.java:499)
	at java.base/java.util.stream.ForEachOps$ForEachOp.evaluateSequential(ForEachOps.java:150)
	at java.base/java.util.stream.ForEachOps$ForEachOp$OfRef.evaluateSequential(ForEachOps.java:173)
	at java.base/java.util.stream.AbstractPipeline.evaluate(AbstractPipeline.java:234)
	at java.base/java.util.stream.ReferencePipeline.forEach(ReferencePipeline.java:596)
	at org.eclipse.wildwebdeveloper.xml.internal.XMLExtensionRegistry.getXMLLSClassPathExtensions(XMLExtensionRegistry.java:81)
	at org.eclipse.wildwebdeveloper.xml.internal.XMLLanguageServer.getExtensionJarPaths(XMLLanguageServer.java:142)
	at org.eclipse.wildwebdeveloper.xml.internal.XMLLanguageServer.<init>(XMLLanguageServer.java:83)
	at java.base/jdk.internal.reflect.NativeConstructorAccessorImpl.newInstance0(Native Method)
	at java.base/jdk.internal.reflect.NativeConstructorAccessorImpl.newInstance(NativeConstructorAccessorImpl.java:77)
	at java.base/jdk.internal.reflect.DelegatingConstructorAccessorImpl.newInstance(DelegatingConstructorAccessorImpl.java:45)
	at java.base/java.lang.reflect.Constructor.newInstanceWithCaller(Constructor.java:499)
	at java.base/java.lang.reflect.Constructor.newInstance(Constructor.java:480)
	at org.eclipse.core.internal.registry.osgi.RegistryStrategyOSGI.createExecutableExtension(RegistryStrategyOSGI.java:204)
	at org.eclipse.core.internal.registry.ExtensionRegistry.createExecutableExtension(ExtensionRegistry.java:920)
	at org.eclipse.core.internal.registry.ConfigurationElement.createExecutableExtension(ConfigurationElement.java:246)
	at org.eclipse.core.internal.registry.ConfigurationElementHandle.createExecutableExtension(ConfigurationElementHandle.java:63)
	at org.eclipse.lsp4e.LanguageServersRegistry$ExtensionLanguageServerDefinition.createConnectionProvider(LanguageServersRegistry.java:127)
	at org.eclipse.lsp4e.LanguageServerWrapper.lambda$1(LanguageServerWrapper.java:222)
	at java.base/java.util.concurrent.CompletableFuture$AsyncSupply.run(CompletableFuture.java:1768)
	at java.base/java.util.concurrent.CompletableFuture$AsyncSupply.exec(CompletableFuture.java:1760)
	at java.base/java.util.concurrent.ForkJoinTask.doExec(ForkJoinTask.java:373)
	at java.base/java.util.concurrent.ForkJoinPool$WorkQueue.topLevelExec(ForkJoinPool.java:1182)
	at java.base/java.util.concurrent.ForkJoinPool.scan(ForkJoinPool.java:1655)
	at java.base/java.util.concurrent.ForkJoinPool.runWorker(ForkJoinPool.java:1622)
	at java.base/java.util.concurrent.ForkJoinWorkerThread.run(ForkJoinWorkerThread.java:165)
2022-07-24 15:47:26,880 [Worker-3: Enabling Maven Dependency Management] INFO  o.e.m.c.i.l.LifecycleMappingFactory - Using org.eclipse.m2e.jdt.JarLifecycleMapping lifecycle mapping for MavenProject: com.epam:JavaBasicsHomeTask:0.0.1-SNAPSHOT @ E:\EPAM\Java Basics\Java Basics Home Task\pom.xml.
2022-07-24 15:47:28,023 [Worker-22: Building] WARN  o.e.m.c.i.embedder.EclipseLogger - Using platform encoding (Cp1252 actually) to copy filtered resources, i.e. build is platform dependent!
2022-07-24 15:47:28,029 [Worker-22: Building] INFO  o.e.m.c.i.embedder.EclipseLogger - skip non existing resourceDirectory E:\EPAM\Java Basics\Java Basics Home Task\src\main\resources
2022-07-24 15:47:28,031 [Worker-22: Building] WARN  o.e.m.c.i.embedder.EclipseLogger - Using platform encoding (Cp1252 actually) to copy filtered resources, i.e. build is platform dependent!
2022-07-24 15:47:28,037 [Worker-22: Building] INFO  o.e.m.c.i.embedder.EclipseLogger - skip non existing resourceDirectory E:\EPAM\Java Basics\Java Basics Home Task\src\test\resources
2022-07-24 15:47:28,043 [Worker-3: Enabling Maven Dependency Management] INFO  o.e.m.j.i.AbstractJavaProjectConfigurator - Adding source folder /Java Basics Home Task/src
2022-07-24 15:47:28,044 [Worker-3: Enabling Maven Dependency Management] INFO  o.e.m.j.i.AbstractJavaProjectConfigurator - Not adding source folder /Java Basics Home Task/src/test/java because it overlaps with /Java Basics Home Task/src
2022-07-24 15:47:28,219 [Worker-3: Enabling Maven Dependency Management] INFO  o.e.m.c.i.p.ProjectConfigurationManager - Update started
2022-07-24 15:47:28,710 [Worker-3: Enabling Maven Dependency Management] INFO  o.e.m.c.i.l.LifecycleMappingFactory - Using org.eclipse.m2e.jdt.JarLifecycleMapping lifecycle mapping for MavenProject: com.epam:JavaBasicsHomeTask:0.0.1-SNAPSHOT @ E:\EPAM\Java Basics\Java Basics Home Task\pom.xml.
2022-07-24 15:47:28,968 [Worker-3: Enabling Maven Dependency Management] INFO  o.e.m.j.i.AbstractJavaProjectConfigurator - Adding source folder /Java Basics Home Task/src
2022-07-24 15:47:28,969 [Worker-3: Enabling Maven Dependency Management] INFO  o.e.m.j.i.AbstractJavaProjectConfigurator - Not adding source folder /Java Basics Home Task/src/test/java because it overlaps with /Java Basics Home Task/src
2022-07-24 15:47:29,023 [Worker-3: Enabling Maven Dependency Management] INFO  o.e.m.c.i.p.ProjectConfigurationManager - Update completed: 0 sec
2022-07-24 15:47:29,177 [Worker-3: Building] WARN  o.e.m.c.i.embedder.EclipseLogger - Using platform encoding (Cp1252 actually) to copy filtered resources, i.e. build is platform dependent!
2022-07-24 15:47:29,184 [Worker-3: Building] INFO  o.e.m.c.i.embedder.EclipseLogger - skip non existing resourceDirectory E:\EPAM\Java Basics\Java Basics Home Task\src\main\resources
2022-07-24 15:47:29,187 [Worker-3: Building] WARN  o.e.m.c.i.embedder.EclipseLogger - Using platform encoding (Cp1252 actually) to copy filtered resources, i.e. build is platform dependent!
2022-07-24 15:47:29,193 [Worker-3: Building] INFO  o.e.m.c.i.embedder.EclipseLogger - skip non existing resourceDirectory E:\EPAM\Java Basics\Java Basics Home Task\src\test\resources
2022-07-24 15:48:04,952 [ForkJoinPool.commonPool-worker-5] ERROR o.e.m.e.l.MavenRuntimeClasspathProvider - Illegal character in path at index 25: file:/C:/Users/Prathamesh Raut/eclipse/java-2021-12/eclipse/../../../.p2/pool/plugins/org.eclipse.m2e.maven.runtime_1.18.1.20211011-2139/jars/
java.net.URISyntaxException: Illegal character in path at index 25: file:/C:/Users/Prathamesh Raut/eclipse/java-2021-12/eclipse/../../../.p2/pool/plugins/org.eclipse.m2e.maven.runtime_1.18.1.20211011-2139/jars/
	at java.base/java.net.URI$Parser.fail(URI.java:2974)
	at java.base/java.net.URI$Parser.checkChars(URI.java:3145)
	at java.base/java.net.URI$Parser.parseHierarchical(URI.java:3227)
	at java.base/java.net.URI$Parser.parse(URI.java:3175)
	at java.base/java.net.URI.<init>(URI.java:623)
	at java.base/java.net.URL.toURI(URL.java:1056)
	at org.eclipse.m2e.editor.lemminx.MavenRuntimeClasspathProvider.addJarsFromBundle(MavenRuntimeClasspathProvider.java:83)
	at org.eclipse.m2e.editor.lemminx.MavenRuntimeClasspathProvider.get(MavenRuntimeClasspathProvider.java:66)
	at org.eclipse.m2e.editor.lemminx.MavenRuntimeClasspathProvider.get(MavenRuntimeClasspathProvider.java:1)
	at java.base/java.util.stream.ReferencePipeline$3$1.accept(ReferencePipeline.java:197)
	at java.base/java.util.stream.ReferencePipeline$3$1.accept(ReferencePipeline.java:197)
	at java.base/java.util.HashMap$EntrySpliterator.forEachRemaining(HashMap.java:1850)
	at java.base/java.util.stream.AbstractPipeline.copyInto(AbstractPipeline.java:509)
	at java.base/java.util.stream.AbstractPipeline.wrapAndCopyInto(AbstractPipeline.java:499)
	at java.base/java.util.stream.ForEachOps$ForEachOp.evaluateSequential(ForEachOps.java:150)
	at java.base/java.util.stream.ForEachOps$ForEachOp$OfRef.evaluateSequential(ForEachOps.java:173)
	at java.base/java.util.stream.AbstractPipeline.evaluate(AbstractPipeline.java:234)
	at java.base/java.util.stream.ReferencePipeline.forEach(ReferencePipeline.java:596)
	at org.eclipse.wildwebdeveloper.xml.internal.XMLExtensionRegistry.getXMLLSClassPathExtensions(XMLExtensionRegistry.java:81)
	at org.eclipse.wildwebdeveloper.xml.internal.XMLLanguageServer.getExtensionJarPaths(XMLLanguageServer.java:142)
	at org.eclipse.wildwebdeveloper.xml.internal.XMLLanguageServer.<init>(XMLLanguageServer.java:83)
	at java.base/jdk.internal.reflect.NativeConstructorAccessorImpl.newInstance0(Native Method)
	at java.base/jdk.internal.reflect.NativeConstructorAccessorImpl.newInstance(NativeConstructorAccessorImpl.java:77)
	at java.base/jdk.internal.reflect.DelegatingConstructorAccessorImpl.newInstance(DelegatingConstructorAccessorImpl.java:45)
	at java.base/java.lang.reflect.Constructor.newInstanceWithCaller(Constructor.java:499)
	at java.base/java.lang.reflect.Constructor.newInstance(Constructor.java:480)
	at org.eclipse.core.internal.registry.osgi.RegistryStrategyOSGI.createExecutableExtension(RegistryStrategyOSGI.java:204)
	at org.eclipse.core.internal.registry.ExtensionRegistry.createExecutableExtension(ExtensionRegistry.java:920)
	at org.eclipse.core.internal.registry.ConfigurationElement.createExecutableExtension(ConfigurationElement.java:246)
	at org.eclipse.core.internal.registry.ConfigurationElementHandle.createExecutableExtension(ConfigurationElementHandle.java:63)
	at org.eclipse.lsp4e.LanguageServersRegistry$ExtensionLanguageServerDefinition.createConnectionProvider(LanguageServersRegistry.java:127)
	at org.eclipse.lsp4e.LanguageServerWrapper.lambda$1(LanguageServerWrapper.java:222)
	at java.base/java.util.concurrent.CompletableFuture$AsyncSupply.run(CompletableFuture.java:1768)
	at java.base/java.util.concurrent.CompletableFuture$AsyncSupply.exec(CompletableFuture.java:1760)
	at java.base/java.util.concurrent.ForkJoinTask.doExec(ForkJoinTask.java:373)
	at java.base/java.util.concurrent.ForkJoinPool$WorkQueue.topLevelExec(ForkJoinPool.java:1182)
	at java.base/java.util.concurrent.ForkJoinPool.scan(ForkJoinPool.java:1655)
	at java.base/java.util.concurrent.ForkJoinPool.runWorker(ForkJoinPool.java:1622)
	at java.base/java.util.concurrent.ForkJoinWorkerThread.run(ForkJoinWorkerThread.java:165)
2022-07-24 15:48:04,960 [ForkJoinPool.commonPool-worker-5] ERROR o.e.m.e.l.MavenRuntimeClasspathProvider - Illegal character in path at index 25: file:/C:/Users/Prathamesh Raut/eclipse/java-2021-12/eclipse/../../../.p2/pool/plugins/org.eclipse.m2e.maven.indexer_1.18.1.20211011-2139/jars/
java.net.URISyntaxException: Illegal character in path at index 25: file:/C:/Users/Prathamesh Raut/eclipse/java-2021-12/eclipse/../../../.p2/pool/plugins/org.eclipse.m2e.maven.indexer_1.18.1.20211011-2139/jars/
	at java.base/java.net.URI$Parser.fail(URI.java:2974)
	at java.base/java.net.URI$Parser.checkChars(URI.java:3145)
	at java.base/java.net.URI$Parser.parseHierarchical(URI.java:3227)
	at java.base/java.net.URI$Parser.parse(URI.java:3175)
	at java.base/java.net.URI.<init>(URI.java:623)
	at java.base/java.net.URL.toURI(URL.java:1056)
	at org.eclipse.m2e.editor.lemminx.MavenRuntimeClasspathProvider.addJarsFromBundle(MavenRuntimeClasspathProvider.java:83)
	at org.eclipse.m2e.editor.lemminx.MavenRuntimeClasspathProvider.get(MavenRuntimeClasspathProvider.java:68)
	at org.eclipse.m2e.editor.lemminx.MavenRuntimeClasspathProvider.get(MavenRuntimeClasspathProvider.java:1)
	at java.base/java.util.stream.ReferencePipeline$3$1.accept(ReferencePipeline.java:197)
	at java.base/java.util.stream.ReferencePipeline$3$1.accept(ReferencePipeline.java:197)
	at java.base/java.util.HashMap$EntrySpliterator.forEachRemaining(HashMap.java:1850)
	at java.base/java.util.stream.AbstractPipeline.copyInto(AbstractPipeline.java:509)
	at java.base/java.util.stream.AbstractPipeline.wrapAndCopyInto(AbstractPipeline.java:499)
	at java.base/java.util.stream.ForEachOps$ForEachOp.evaluateSequential(ForEachOps.java:150)
	at java.base/java.util.stream.ForEachOps$ForEachOp$OfRef.evaluateSequential(ForEachOps.java:173)
	at java.base/java.util.stream.AbstractPipeline.evaluate(AbstractPipeline.java:234)
	at java.base/java.util.stream.ReferencePipeline.forEach(ReferencePipeline.java:596)
	at org.eclipse.wildwebdeveloper.xml.internal.XMLExtensionRegistry.getXMLLSClassPathExtensions(XMLExtensionRegistry.java:81)
	at org.eclipse.wildwebdeveloper.xml.internal.XMLLanguageServer.getExtensionJarPaths(XMLLanguageServer.java:142)
	at org.eclipse.wildwebdeveloper.xml.internal.XMLLanguageServer.<init>(XMLLanguageServer.java:83)
	at java.base/jdk.internal.reflect.NativeConstructorAccessorImpl.newInstance0(Native Method)
	at java.base/jdk.internal.reflect.NativeConstructorAccessorImpl.newInstance(NativeConstructorAccessorImpl.java:77)
	at java.base/jdk.internal.reflect.DelegatingConstructorAccessorImpl.newInstance(DelegatingConstructorAccessorImpl.java:45)
	at java.base/java.lang.reflect.Constructor.newInstanceWithCaller(Constructor.java:499)
	at java.base/java.lang.reflect.Constructor.newInstance(Constructor.java:480)
	at org.eclipse.core.internal.registry.osgi.RegistryStrategyOSGI.createExecutableExtension(RegistryStrategyOSGI.java:204)
	at org.eclipse.core.internal.registry.ExtensionRegistry.createExecutableExtension(ExtensionRegistry.java:920)
	at org.eclipse.core.internal.registry.ConfigurationElement.createExecutableExtension(ConfigurationElement.java:246)
	at org.eclipse.core.internal.registry.ConfigurationElementHandle.createExecutableExtension(ConfigurationElementHandle.java:63)
	at org.eclipse.lsp4e.LanguageServersRegistry$ExtensionLanguageServerDefinition.createConnectionProvider(LanguageServersRegistry.java:127)
	at org.eclipse.lsp4e.LanguageServerWrapper.lambda$1(LanguageServerWrapper.java:222)
	at java.base/java.util.concurrent.CompletableFuture$AsyncSupply.run(CompletableFuture.java:1768)
	at java.base/java.util.concurrent.CompletableFuture$AsyncSupply.exec(CompletableFuture.java:1760)
	at java.base/java.util.concurrent.ForkJoinTask.doExec(ForkJoinTask.java:373)
	at java.base/java.util.concurrent.ForkJoinPool$WorkQueue.topLevelExec(ForkJoinPool.java:1182)
	at java.base/java.util.concurrent.ForkJoinPool.scan(ForkJoinPool.java:1655)
	at java.base/java.util.concurrent.ForkJoinPool.runWorker(ForkJoinPool.java:1622)
	at java.base/java.util.concurrent.ForkJoinWorkerThread.run(ForkJoinWorkerThread.java:165)
2022-07-24 15:48:33,631 [Worker-23: Building] WARN  o.e.m.c.i.embedder.EclipseLogger - Using platform encoding (Cp1252 actually) to copy filtered resources, i.e. build is platform dependent!
2022-07-24 15:48:33,638 [Worker-23: Building] INFO  o.e.m.c.i.embedder.EclipseLogger - skip non existing resourceDirectory E:\EPAM\Java Basics\Java Basics Home Task\src\main\resources
2022-07-24 15:48:33,639 [Worker-23: Building] WARN  o.e.m.c.i.embedder.EclipseLogger - Using platform encoding (Cp1252 actually) to copy filtered resources, i.e. build is platform dependent!
2022-07-24 15:48:33,645 [Worker-23: Building] INFO  o.e.m.c.i.embedder.EclipseLogger - skip non existing resourceDirectory E:\EPAM\Java Basics\Java Basics Home Task\src\test\resources
2022-07-24 15:49:43,308 [Worker-10: Building] WARN  o.e.m.c.i.embedder.EclipseLogger - Using platform encoding (Cp1252 actually) to copy filtered resources, i.e. build is platform dependent!
2022-07-24 15:49:43,314 [Worker-10: Building] INFO  o.e.m.c.i.embedder.EclipseLogger - skip non existing resourceDirectory E:\EPAM\Java Basics\Java Basics Home Task\src\main\resources
2022-07-24 15:49:43,316 [Worker-10: Building] WARN  o.e.m.c.i.embedder.EclipseLogger - Using platform encoding (Cp1252 actually) to copy filtered resources, i.e. build is platform dependent!
2022-07-24 15:49:43,322 [Worker-10: Building] INFO  o.e.m.c.i.embedder.EclipseLogger - skip non existing resourceDirectory E:\EPAM\Java Basics\Java Basics Home Task\src\test\resources
2022-07-24 16:45:28,963 [Worker-25: Building] WARN  o.e.m.c.i.embedder.EclipseLogger - Using platform encoding (Cp1252 actually) to copy filtered resources, i.e. build is platform dependent!
2022-07-24 16:45:29,084 [Worker-25: Building] INFO  o.e.m.c.i.embedder.EclipseLogger - skip non existing resourceDirectory E:\EPAM\Java Basics\Java Basics Home Task\src\main\resources
2022-07-24 16:45:29,087 [Worker-25: Building] WARN  o.e.m.c.i.embedder.EclipseLogger - Using platform encoding (Cp1252 actually) to copy filtered resources, i.e. build is platform dependent!
2022-07-24 16:45:29,093 [Worker-25: Building] INFO  o.e.m.c.i.embedder.EclipseLogger - skip non existing resourceDirectory E:\EPAM\Java Basics\Java Basics Home Task\src\test\resources
2022-07-24 16:46:17,859 [Worker-27: Building] WARN  o.e.m.c.i.embedder.EclipseLogger - Using platform encoding (Cp1252 actually) to copy filtered resources, i.e. build is platform dependent!
2022-07-24 16:46:17,864 [Worker-27: Building] INFO  o.e.m.c.i.embedder.EclipseLogger - skip non existing resourceDirectory E:\EPAM\Java Basics\Java Basics Home Task\src\main\resources
2022-07-24 16:46:17,865 [Worker-27: Building] WARN  o.e.m.c.i.embedder.EclipseLogger - Using platform encoding (Cp1252 actually) to copy filtered resources, i.e. build is platform dependent!
2022-07-24 16:46:17,871 [Worker-27: Building] INFO  o.e.m.c.i.embedder.EclipseLogger - skip non existing resourceDirectory E:\EPAM\Java Basics\Java Basics Home Task\src\test\resources
2022-07-24 16:54:48,098 [Worker-31: Building] WARN  o.e.m.c.i.embedder.EclipseLogger - Using platform encoding (Cp1252 actually) to copy filtered resources, i.e. build is platform dependent!
2022-07-24 16:54:48,105 [Worker-31: Building] INFO  o.e.m.c.i.embedder.EclipseLogger - skip non existing resourceDirectory E:\EPAM\Java Basics\Java Basics Home Task\src\main\resources
2022-07-24 16:54:48,107 [Worker-31: Building] WARN  o.e.m.c.i.embedder.EclipseLogger - Using platform encoding (Cp1252 actually) to copy filtered resources, i.e. build is platform dependent!
2022-07-24 16:54:48,112 [Worker-31: Building] INFO  o.e.m.c.i.embedder.EclipseLogger - skip non existing resourceDirectory E:\EPAM\Java Basics\Java Basics Home Task\src\test\resources
2022-07-24 16:55:58,562 [Worker-31: Building] WARN  o.e.m.c.i.embedder.EclipseLogger - Using platform encoding (Cp1252 actually) to copy filtered resources, i.e. build is platform dependent!
2022-07-24 16:55:58,567 [Worker-31: Building] INFO  o.e.m.c.i.embedder.EclipseLogger - skip non existing resourceDirectory E:\EPAM\Java Basics\Java Basics Home Task\src\main\resources
2022-07-24 16:55:58,569 [Worker-31: Building] WARN  o.e.m.c.i.embedder.EclipseLogger - Using platform encoding (Cp1252 actually) to copy filtered resources, i.e. build is platform dependent!
2022-07-24 16:55:58,574 [Worker-31: Building] INFO  o.e.m.c.i.embedder.EclipseLogger - skip non existing resourceDirectory E:\EPAM\Java Basics\Java Basics Home Task\src\test\resources
2022-07-24 16:57:08,598 [Worker-30: Building] WARN  o.e.m.c.i.embedder.EclipseLogger - Using platform encoding (Cp1252 actually) to copy filtered resources, i.e. build is platform dependent!
2022-07-24 16:57:08,604 [Worker-30: Building] INFO  o.e.m.c.i.embedder.EclipseLogger - skip non existing resourceDirectory E:\EPAM\Java Basics\Java Basics Home Task\src\main\resources
2022-07-24 16:57:08,608 [Worker-30: Building] WARN  o.e.m.c.i.embedder.EclipseLogger - Using platform encoding (Cp1252 actually) to copy filtered resources, i.e. build is platform dependent!
2022-07-24 16:57:08,612 [Worker-30: Building] INFO  o.e.m.c.i.embedder.EclipseLogger - skip non existing resourceDirectory E:\EPAM\Java Basics\Java Basics Home Task\src\test\resources
2022-07-24 16:57:20,527 [Worker-32: Building] WARN  o.e.m.c.i.embedder.EclipseLogger - Using platform encoding (Cp1252 actually) to copy filtered resources, i.e. build is platform dependent!
2022-07-24 16:57:20,532 [Worker-32: Building] INFO  o.e.m.c.i.embedder.EclipseLogger - skip non existing resourceDirectory E:\EPAM\Java Basics\Java Basics Home Task\src\main\resources
2022-07-24 16:57:20,533 [Worker-32: Building] WARN  o.e.m.c.i.embedder.EclipseLogger - Using platform encoding (Cp1252 actually) to copy filtered resources, i.e. build is platform dependent!
2022-07-24 16:57:20,538 [Worker-32: Building] INFO  o.e.m.c.i.embedder.EclipseLogger - skip non existing resourceDirectory E:\EPAM\Java Basics\Java Basics Home Task\src\test\resources
2022-07-24 16:58:27,024 [Worker-33: Building] WARN  o.e.m.c.i.embedder.EclipseLogger - Using platform encoding (Cp1252 actually) to copy filtered resources, i.e. build is platform dependent!
2022-07-24 16:58:27,029 [Worker-33: Building] INFO  o.e.m.c.i.embedder.EclipseLogger - skip non existing resourceDirectory E:\EPAM\Java Basics\Java Basics Home Task\src\main\resources
2022-07-24 16:58:27,030 [Worker-33: Building] WARN  o.e.m.c.i.embedder.EclipseLogger - Using platform encoding (Cp1252 actually) to copy filtered resources, i.e. build is platform dependent!
2022-07-24 16:58:27,036 [Worker-33: Building] INFO  o.e.m.c.i.embedder.EclipseLogger - skip non existing resourceDirectory E:\EPAM\Java Basics\Java Basics Home Task\src\test\resources
2022-07-24 16:59:00,910 [Worker-30: Building] WARN  o.e.m.c.i.embedder.EclipseLogger - Using platform encoding (Cp1252 actually) to copy filtered resources, i.e. build is platform dependent!
2022-07-24 16:59:00,916 [Worker-30: Building] INFO  o.e.m.c.i.embedder.EclipseLogger - skip non existing resourceDirectory E:\EPAM\Java Basics\Java Basics Home Task\src\main\resources
2022-07-24 16:59:00,917 [Worker-30: Building] WARN  o.e.m.c.i.embedder.EclipseLogger - Using platform encoding (Cp1252 actually) to copy filtered resources, i.e. build is platform dependent!
2022-07-24 16:59:00,921 [Worker-30: Building] INFO  o.e.m.c.i.embedder.EclipseLogger - skip non existing resourceDirectory E:\EPAM\Java Basics\Java Basics Home Task\src\test\resources
2022-07-24 16:59:45,920 [Worker-30: Building] WARN  o.e.m.c.i.embedder.EclipseLogger - Using platform encoding (Cp1252 actually) to copy filtered resources, i.e. build is platform dependent!
2022-07-24 16:59:45,925 [Worker-30: Building] INFO  o.e.m.c.i.embedder.EclipseLogger - skip non existing resourceDirectory E:\EPAM\Java Basics\Java Basics Home Task\src\main\resources
2022-07-24 16:59:45,927 [Worker-30: Building] WARN  o.e.m.c.i.embedder.EclipseLogger - Using platform encoding (Cp1252 actually) to copy filtered resources, i.e. build is platform dependent!
2022-07-24 16:59:45,932 [Worker-30: Building] INFO  o.e.m.c.i.embedder.EclipseLogger - skip non existing resourceDirectory E:\EPAM\Java Basics\Java Basics Home Task\src\test\resources
2022-07-24 17:01:16,592 [Worker-0: Loading available Gradle versions] INFO  o.e.b.c.i.u.g.PublishedGradleVersions - Gradle version information cache is up-to-date. Trying to read.
